<?xml version="1.0" encoding="utf-8"?><testsuites name="pytest tests"><testsuite name="pytest" errors="0" failures="2" skipped="1" tests="11" time="5.091" timestamp="2026-07-08T17:04:17.098241+00:00" hostname="agent-env-49af1ea7-6168-49a2-89a4-6c82bbc85f70"><testcase classname="tests.backend_test.TestHealth" name="test_root" time="0.578" /><testcase classname="tests.backend_test.TestHealth" name="test_aqi_categories" time="0.173" /><testcase classname="tests.backend_test.TestAuth" name="test_me_admin" time="0.640" /><testcase classname="tests.backend_test.TestAuth" name="test_invalid_login" time="0.184" /><testcase classname="tests.backend_test.TestAuth" name="test_unauthorized" time="0.257" /><testcase classname="tests.backend_test.TestAuth" name="test_register_duplicate" time="0.201" /><testcase classname="tests.backend_test.TestDatasetsAndML" name="test_seed_and_flow" time="0.862"><failure message="assert 500 == 200&#10; +  where 500 = &lt;Response [500]&gt;.status_code">tests/backend_test.py:82: in test_seed_and_flow
    assert r.status_code == 200
E   assert 500 == 200
E    +  where 500 = &lt;Response [500]&gt;.status_code</failure></testcase><testcase classname="tests.backend_test.TestBruteForce" name="test_lockout" time="2.991"><failure message="AssertionError: Expected 429 lockout, got [401, 401, 401, 401, 401, 401]&#10;assert 429 in [401, 401, 401, 401, 401, 401]">tests/backend_test.py:189: in test_lockout
    assert 429 in codes, f"Expected 429 lockout, got {codes}"
E   AssertionError: Expected 429 lockout, got [401, 401, 401, 401, 401, 401]
E   assert 429 in [401, 401, 401, 401, 401, 401]</failure></testcase><testcase classname="tests.backend_test.TestDatasetsAndML" name="test_delete_dataset" time="0.000"><skipped type="pytest.skip" message="No dataset id">/app/backend/tests/backend_test.py:149: No dataset id</skipped></testcase><testcase classname="tests.backend_test.TestAdmin" name="test_admin_endpoints" time="0.908" /><testcase classname="tests.backend_test.TestAdmin" name="test_admin_forbidden_for_user" time="0.053" /></testsuite></testsuites>