<?xml version="1.0" encoding="utf-8"?><testsuites name="pytest tests"><testsuite name="pytest" errors="0" failures="0" skipped="0" tests="14" time="18.703" timestamp="2026-07-08T17:40:34.917564+00:00" hostname="agent-env-49af1ea7-6168-49a2-89a4-6c82bbc85f70"><testcase classname="tests.backend_test.TestGuest" name="test_guest_login_and_me" time="0.506" /><testcase classname="tests.backend_test.TestGuest" name="test_guest_can_seed_and_list" time="0.379" /><testcase classname="tests.backend_test.TestAuth" name="test_me_admin" time="0.595" /><testcase classname="tests.backend_test.TestAuth" name="test_invalid_login" time="0.109" /><testcase classname="tests.backend_test.TestAuth" name="test_unauthorized" time="0.125" /><testcase classname="tests.backend_test.TestAuth" name="test_register_duplicate" time="0.092" /><testcase classname="tests.backend_test.TestGuest" name="test_guest_forbidden_admin" time="0.363" /><testcase classname="tests.backend_test.TestHealth" name="test_root" time="0.114" /><testcase classname="tests.backend_test.TestDatasetsAndML" name="test_seed_and_flow" time="17.010" /><testcase classname="tests.backend_test.TestHealth" name="test_aqi_categories" time="0.097" /><testcase classname="tests.backend_test.TestBruteForce" name="test_lockout" time="4.340" /><testcase classname="tests.backend_test.TestDatasetsAndML" name="test_delete_dataset" time="0.101" /><testcase classname="tests.backend_test.TestAdmin" name="test_admin_endpoints" time="0.198" /><testcase classname="tests.backend_test.TestAdmin" name="test_admin_forbidden_for_user" time="0.049" /></testsuite></testsuites>