<?xml version="1.0" encoding="utf-8"?><testsuites name="pytest tests"><testsuite name="pytest" errors="0" failures="0" skipped="0" tests="11" time="19.051" timestamp="2026-07-08T17:10:18.925892+00:00" hostname="agent-env-49af1ea7-6168-49a2-89a4-6c82bbc85f70"><testcase classname="tests.backend_test.TestHealth" name="test_root" time="0.366" /><testcase classname="tests.backend_test.TestHealth" name="test_aqi_categories" time="0.244" /><testcase classname="tests.backend_test.TestAuth" name="test_me_admin" time="0.668" /><testcase classname="tests.backend_test.TestAuth" name="test_invalid_login" time="0.306" /><testcase classname="tests.backend_test.TestAuth" name="test_unauthorized" time="0.158" /><testcase classname="tests.backend_test.TestDatasetsAndML" name="test_seed_and_flow" time="16.947" /><testcase classname="tests.backend_test.TestAuth" name="test_register_duplicate" time="0.103" /><testcase classname="tests.backend_test.TestBruteForce" name="test_lockout" time="5.056" /><testcase classname="tests.backend_test.TestDatasetsAndML" name="test_delete_dataset" time="0.112" /><testcase classname="tests.backend_test.TestAdmin" name="test_admin_endpoints" time="0.627" /><testcase classname="tests.backend_test.TestAdmin" name="test_admin_forbidden_for_user" time="0.059" /></testsuite></testsuites>